[2026-03-10 14:19:06] [INFO] [main:55] === Page Load Started ===
[2026-03-10 14:19:06] [INFO] [main:56] Request Method
Data: GET
[2026-03-10 14:19:06] [INFO] [main:57] GET Parameters
Data: Array
(
)

[2026-03-10 14:19:06] [POST] [main:58] POST Parameters
Data: Array
(
)

[2026-03-10 13:19:06] [INFO] [main:63] init.php loaded
[2026-03-10 13:19:06] [INFO] [main:64] Database connection status
Data: Not available
[2026-03-10 13:19:06] [INFO] [main:68] Authentication failed - redirecting to login
[2026-03-10 14:19:11] [INFO] [main:55] === Page Load Started ===
[2026-03-10 14:19:11] [INFO] [main:56] Request Method
Data: GET
[2026-03-10 14:19:11] [INFO] [main:57] GET Parameters
Data: Array
(
)

[2026-03-10 14:19:11] [POST] [main:58] POST Parameters
Data: Array
(
)

[2026-03-10 13:19:11] [INFO] [main:63] init.php loaded
[2026-03-10 13:19:11] [INFO] [main:64] Database connection status
Data: Not available
[2026-03-10 13:19:11] [INFO] [main:68] Authentication failed - redirecting to login
[2026-03-10 14:19:12] [INFO] [main:55] === Page Load Started ===
[2026-03-10 14:19:12] [INFO] [main:56] Request Method
Data: GET
[2026-03-10 14:19:12] [INFO] [main:57] GET Parameters
Data: Array
(
)

[2026-03-10 14:19:12] [POST] [main:58] POST Parameters
Data: Array
(
)

[2026-03-10 13:19:13] [INFO] [main:63] init.php loaded
[2026-03-10 13:19:13] [INFO] [main:64] Database connection status
Data: Not available
[2026-03-10 13:19:13] [INFO] [main:68] Authentication failed - redirecting to login
